2023-01-18 18:43:19.855  INFO [band-service,,] 20052 --- [restartedMain] com.band.service.BandServiceApplication  : No active profile set, falling back to default profiles: default
2023-01-18 18:43:23.723  INFO [band-service,,] 20052 --- [restartedMain] .s.d.r.c.RepositoryConfigurationDelegate : Bootstrapping Spring Data MongoDB repositories in DEFAULT mode.
2023-01-18 18:43:24.326  INFO [band-service,,] 20052 --- [restartedMain] .s.d.r.c.RepositoryConfigurationDelegate : Finished Spring Data repository scanning in 590 ms. Found 1 MongoDB repository interfaces.
2023-01-18 18:43:25.425  INFO [band-service,,] 20052 --- [restartedMain] o.s.cloud.context.scope.GenericScope     : BeanFactory id=ccb94f30-c56d-30e3-aed7-751ae1bf85e8
2023-01-18 18:43:28.164  INFO [band-service,,] 20052 --- [restartedMain] o.s.b.w.embedded.tomcat.TomcatWebServer  : Tomcat initialized with port(s): 0 (http)
2023-01-18 18:43:28.189  INFO [band-service,,] 20052 --- [restartedMain] o.apache.catalina.core.StandardService   : Starting service [Tomcat]
2023-01-18 18:43:28.190  INFO [band-service,,] 20052 --- [restartedMain] org.apache.catalina.core.StandardEngine  : Starting Servlet engine: [Apache Tomcat/9.0.52]
2023-01-18 18:43:28.562  INFO [band-service,,] 20052 --- [restartedMain] o.a.c.c.C.[Tomcat].[localhost].[/]       : Initializing Spring embedded WebApplicationContext
2023-01-18 18:43:28.565  INFO [band-service,,] 20052 --- [restartedMain] w.s.c.ServletWebServerApplicationContext : Root WebApplicationContext: initialization completed in 8582 ms
2023-01-18 18:43:33.779  INFO [band-service,,] 20052 --- [restartedMain] org.mongodb.driver.cluster               : Cluster created with settings {hosts=[localhost:27001], mode=SINGLE, requiredClusterType=UNKNOWN, serverSelectionTimeout='30000 ms'}
2023-01-18 18:43:34.061  INFO [band-service,,] 20052 --- [cluster-rtt-ClusterId{value='63c82fc5cf881e34d898e39b', description='null'}-localhost:27001] org.mongodb.driver.connection            : Opened connection [connectionId{localValue:2, serverValue:8}] to localhost:27001
2023-01-18 18:43:34.070  INFO [band-service,,] 20052 --- [cluster-ClusterId{value='63c82fc5cf881e34d898e39b', description='null'}-localhost:27001] org.mongodb.driver.connection            : Opened connection [connectionId{localValue:1, serverValue:7}] to localhost:27001
2023-01-18 18:43:34.072  INFO [band-service,,] 20052 --- [cluster-ClusterId{value='63c82fc5cf881e34d898e39b', description='null'}-localhost:27001] org.mongodb.driver.cluster               : Monitor thread successfully connected to server with description ServerDescription{address=localhost:27001, type=STANDALONE, state=CONNECTED, ok=true, minWireVersion=0, maxWireVersion=7, maxDocumentSize=16777216, logicalSessionTimeoutMinutes=30, roundTripTimeNanos=65514300}
2023-01-18 18:43:34.243  WARN [band-service,,] 20052 --- [restartedMain] o.s.data.convert.CustomConversions       : Registering converter from class java.time.LocalDateTime to class org.joda.time.LocalDateTime as reading converter although it doesn't convert from a store-supported type! You might want to check your annotation setup at the converter implementation.
2023-01-18 18:43:34.568  WARN [band-service,,] 20052 --- [restartedMain] o.s.data.convert.CustomConversions       : Registering converter from class java.time.LocalDateTime to class org.joda.time.LocalDateTime as reading converter although it doesn't convert from a store-supported type! You might want to check your annotation setup at the converter implementation.
2023-01-18 18:43:40.220  WARN [band-service,,] 20052 --- [restartedMain] o.s.b.d.a.OptionalLiveReloadServer       : Unable to start LiveReload server
2023-01-18 18:43:41.330  WARN [band-service,,] 20052 --- [restartedMain] o.s.c.openfeign.FeignClientFactoryBean   : The provided URL is empty. Will try picking an instance via load-balancing.
2023-01-18 18:43:41.509  WARN [band-service,,] 20052 --- [restartedMain] o.s.c.openfeign.FeignClientFactoryBean   : The provided URL is empty. Will try picking an instance via load-balancing.
2023-01-18 18:43:48.954  INFO [band-service,,] 20052 --- [restartedMain] DiscoveryClientOptionalArgsConfiguration : Eureka HTTP Client uses RestTemplate.
2023-01-18 18:43:49.422  WARN [band-service,,] 20052 --- [restartedMain] iguration$LoadBalancerCaffeineWarnLogger : Spring Cloud LoadBalancer is currently working with the default cache. You can switch to using Caffeine cache, by adding it and org.springframework.cache.caffeine.CaffeineCacheManager to the classpath.
2023-01-18 18:43:49.793  INFO [band-service,,] 20052 --- [restartedMain] o.s.b.a.e.web.EndpointLinksResolver      : Exposing 1 endpoint(s) beneath base path '/actuator'
2023-01-18 18:43:50.275  INFO [band-service,,] 20052 --- [restartedMain] o.s.b.w.embedded.tomcat.TomcatWebServer  : Tomcat started on port(s): 61039 (http) with context path ''
2023-01-18 18:43:50.278  INFO [band-service,,] 20052 --- [restartedMain] .s.c.n.e.s.EurekaAutoServiceRegistration : Updating port to 61039
2023-01-18 18:43:50.295  INFO [band-service,,] 20052 --- [restartedMain] o.s.c.n.eureka.InstanceInfoFactory       : Setting initial instance status as: STARTING
2023-01-18 18:43:50.432  INFO [band-service,,] 20052 --- [restartedMain] com.netflix.discovery.DiscoveryClient    : Initializing Eureka in region us-east-1
2023-01-18 18:43:50.455  INFO [band-service,,] 20052 --- [restartedMain] c.n.d.s.r.aws.ConfigClusterResolver      : Resolving eureka endpoints via configuration
2023-01-18 18:43:50.521  INFO [band-service,,] 20052 --- [restartedMain] com.netflix.discovery.DiscoveryClient    : Disable delta property : false
2023-01-18 18:43:50.522  INFO [band-service,,] 20052 --- [restartedMain] com.netflix.discovery.DiscoveryClient    : Single vip registry refresh property : null
2023-01-18 18:43:50.522  INFO [band-service,,] 20052 --- [restartedMain] com.netflix.discovery.DiscoveryClient    : Force full registry fetch : false
2023-01-18 18:43:50.522  INFO [band-service,,] 20052 --- [restartedMain] com.netflix.discovery.DiscoveryClient    : Application is null : false
2023-01-18 18:43:50.522  INFO [band-service,,] 20052 --- [restartedMain] com.netflix.discovery.DiscoveryClient    : Registered Applications size is zero : true
2023-01-18 18:43:50.523  INFO [band-service,,] 20052 --- [restartedMain] com.netflix.discovery.DiscoveryClient    : Application version is -1: true
2023-01-18 18:43:50.523  INFO [band-service,,] 20052 --- [restartedMain] com.netflix.discovery.DiscoveryClient    : Getting all instance registry info from the eureka server
2023-01-18 18:43:51.270  INFO [band-service,,] 20052 --- [restartedMain] com.netflix.discovery.DiscoveryClient    : The response status is 200
2023-01-18 18:43:51.275  INFO [band-service,,] 20052 --- [restartedMain] com.netflix.discovery.DiscoveryClient    : Starting heartbeat executor: renew interval is: 30
2023-01-18 18:43:51.281  INFO [band-service,,] 20052 --- [restartedMain] c.n.discovery.InstanceInfoReplicator     : InstanceInfoReplicator onDemand update allowed rate per min is 4
2023-01-18 18:43:51.294  INFO [band-service,,] 20052 --- [restartedMain] com.netflix.discovery.DiscoveryClient    : Discovery Client initialized at timestamp 1674063831292 with initial instances count: 0
2023-01-18 18:43:51.347  INFO [band-service,,] 20052 --- [restartedMain] o.s.c.n.e.s.EurekaServiceRegistry        : Registering application BAND-SERVICE with eureka with status UP
2023-01-18 18:43:51.349  INFO [band-service,,] 20052 --- [restartedMain] com.netflix.discovery.DiscoveryClient    : Saw local status change event StatusChangeEvent [timestamp=1674063831349, current=UP, previous=STARTING]
2023-01-18 18:43:51.353  INFO [band-service,,] 20052 --- [DiscoveryClient-InstanceInfoReplicator-0] com.netflix.discovery.DiscoveryClient    : DiscoveryClient_BAND-SERVICE/local.inventia.biz:band-service:0: registering service...
2023-01-18 18:43:51.445  INFO [band-service,,] 20052 --- [DiscoveryClient-InstanceInfoReplicator-0] com.netflix.discovery.DiscoveryClient    : DiscoveryClient_BAND-SERVICE/local.inventia.biz:band-service:0 - registration status: 204
2023-01-18 18:43:52.521  INFO [band-service,,] 20052 --- [restartedMain] com.band.service.BandServiceApplication  : Started BandServiceApplication in 69.992 seconds (JVM running for 76.954)
2023-01-18 18:43:53.990  INFO [band-service,,] 20052 --- [RMI TCP Connection(5)-127.0.0.1] o.a.c.c.C.[Tomcat].[localhost].[/]       : Initializing Spring DispatcherServlet 'dispatcherServlet'
2023-01-18 18:43:53.990  INFO [band-service,,] 20052 --- [RMI TCP Connection(5)-127.0.0.1] o.s.web.servlet.DispatcherServlet        : Initializing Servlet 'dispatcherServlet'
2023-01-18 18:43:53.997  INFO [band-service,,] 20052 --- [RMI TCP Connection(5)-127.0.0.1] o.s.web.servlet.DispatcherServlet        : Completed initialization in 6 ms
2023-01-18 18:44:21.277  INFO [band-service,,] 20052 --- [DiscoveryClient-CacheRefreshExecutor-0] com.netflix.discovery.DiscoveryClient    : Disable delta property : false
2023-01-18 18:44:21.279  INFO [band-service,,] 20052 --- [DiscoveryClient-CacheRefreshExecutor-0] com.netflix.discovery.DiscoveryClient    : Single vip registry refresh property : null
2023-01-18 18:44:21.279  INFO [band-service,,] 20052 --- [DiscoveryClient-CacheRefreshExecutor-0] com.netflix.discovery.DiscoveryClient    : Force full registry fetch : false
2023-01-18 18:44:21.279  INFO [band-service,,] 20052 --- [DiscoveryClient-CacheRefreshExecutor-0] com.netflix.discovery.DiscoveryClient    : Application is null : false
2023-01-18 18:44:21.279  INFO [band-service,,] 20052 --- [DiscoveryClient-CacheRefreshExecutor-0] com.netflix.discovery.DiscoveryClient    : Registered Applications size is zero : true
2023-01-18 18:44:21.279  INFO [band-service,,] 20052 --- [DiscoveryClient-CacheRefreshExecutor-0] com.netflix.discovery.DiscoveryClient    : Application version is -1: false
2023-01-18 18:44:21.279  INFO [band-service,,] 20052 --- [DiscoveryClient-CacheRefreshExecutor-0] com.netflix.discovery.DiscoveryClient    : Getting all instance registry info from the eureka server
2023-01-18 18:44:21.305  INFO [band-service,,] 20052 --- [DiscoveryClient-CacheRefreshExecutor-0] com.netflix.discovery.DiscoveryClient    : The response status is 200
2023-01-18 18:46:17.314  INFO [band-service,,] 20052 --- [RMI TCP Connection(10)-127.0.0.1] inMXBeanRegistrar$SpringApplicationAdmin : Application shutdown requested.
2023-01-18 18:46:17.316  INFO [band-service,,] 20052 --- [RMI TCP Connection(10)-127.0.0.1] o.s.c.n.e.s.EurekaServiceRegistry        : Unregistering application BAND-SERVICE with eureka with status DOWN
2023-01-18 18:46:17.316  INFO [band-service,,] 20052 --- [RMI TCP Connection(10)-127.0.0.1] com.netflix.discovery.DiscoveryClient    : Saw local status change event StatusChangeEvent [timestamp=1674063977316, current=DOWN, previous=UP]
2023-01-18 18:46:17.317  INFO [band-service,,] 20052 --- [DiscoveryClient-InstanceInfoReplicator-0] com.netflix.discovery.DiscoveryClient    : DiscoveryClient_BAND-SERVICE/local.inventia.biz:band-service:0: registering service...
2023-01-18 18:46:17.332  INFO [band-service,,] 20052 --- [DiscoveryClient-InstanceInfoReplicator-0] com.netflix.discovery.DiscoveryClient    : DiscoveryClient_BAND-SERVICE/local.inventia.biz:band-service:0 - registration status: 204
2023-01-18 18:46:17.985  INFO [band-service,,] 20052 --- [RMI TCP Connection(10)-127.0.0.1] o.apache.catalina.core.StandardService   : Stopping service [Tomcat]
2023-01-18 18:46:17.988  INFO [band-service,,] 20052 --- [RMI TCP Connection(10)-127.0.0.1] o.a.c.c.C.[Tomcat].[localhost].[/]       : Destroying Spring FrameworkServlet 'dispatcherServlet'
2023-01-18 18:46:18.005  WARN [band-service,,] 20052 --- [RMI TCP Connection(10)-127.0.0.1] o.a.c.loader.WebappClassLoaderBase       : The web application [ROOT] appears to have started a thread named [cluster-ClusterId{value='63c82fc5cf881e34d898e39b', description='null'}-localhost:27001] but has failed to stop it. This is very likely to create a memory leak. Stack trace of thread:
 java.base@11.0.13/jdk.internal.misc.Unsafe.park(Native Method)
 java.base@11.0.13/java.util.concurrent.locks.LockSupport.parkNanos(LockSupport.java:234)
 java.base@11.0.13/java.util.concurrent.locks.AbstractQueuedSynchronizer$ConditionObject.awaitNanos(AbstractQueuedSynchronizer.java:2123)
 app//com.mongodb.internal.connection.DefaultServerMonitor$ServerMonitorRunnable.waitForSignalOrTimeout(DefaultServerMonitor.java:294)
 app//com.mongodb.internal.connection.DefaultServerMonitor$ServerMonitorRunnable.waitForNext(DefaultServerMonitor.java:275)
 app//com.mongodb.internal.connection.DefaultServerMonitor$ServerMonitorRunnable.run(DefaultServerMonitor.java:170)
 java.base@11.0.13/java.lang.Thread.run(Thread.java:834)
2023-01-18 18:46:18.006  WARN [band-service,,] 20052 --- [RMI TCP Connection(10)-127.0.0.1] o.a.c.loader.WebappClassLoaderBase       : The web application [ROOT] appears to have started a thread named [cluster-rtt-ClusterId{value='63c82fc5cf881e34d898e39b', description='null'}-localhost:27001] but has failed to stop it. This is very likely to create a memory leak. Stack trace of thread:
 java.base@11.0.13/java.lang.Thread.sleep(Native Method)
 app//com.mongodb.internal.connection.DefaultServerMonitor.waitForNext(DefaultServerMonitor.java:435)
 app//com.mongodb.internal.connection.DefaultServerMonitor.access$1300(DefaultServerMonitor.java:57)
 app//com.mongodb.internal.connection.DefaultServerMonitor$RoundTripTimeRunnable.run(DefaultServerMonitor.java:409)
 java.base@11.0.13/java.lang.Thread.run(Thread.java:834)
2023-01-18 18:46:18.007  WARN [band-service,,] 20052 --- [RMI TCP Connection(10)-127.0.0.1] o.a.c.loader.WebappClassLoaderBase       : The web application [ROOT] appears to have started a thread named [spring.cloud.inetutils] but has failed to stop it. This is very likely to create a memory leak. Stack trace of thread:
 java.base@11.0.13/jdk.internal.misc.Unsafe.park(Native Method)
 java.base@11.0.13/java.util.concurrent.locks.LockSupport.park(LockSupport.java:194)
 java.base@11.0.13/java.util.concurrent.locks.AbstractQueuedSynchronizer$ConditionObject.await(AbstractQueuedSynchronizer.java:2081)
 java.base@11.0.13/java.util.concurrent.LinkedBlockingQueue.take(LinkedBlockingQueue.java:433)
 java.base@11.0.13/java.util.concurrent.ThreadPoolExecutor.getTask(ThreadPoolExecutor.java:1054)
 java.base@11.0.13/java.util.concurrent.ThreadPoolExecutor.runWorker(ThreadPoolExecutor.java:1114)
 java.base@11.0.13/java.util.concurrent.ThreadPoolExecutor$Worker.run(ThreadPoolExecutor.java:628)
 java.base@11.0.13/java.lang.Thread.run(Thread.java:834)
